  NodeMap.cpp
C:\Users\s220780\Desktop\AI\AI-For-Games-Assessment-1\AIE_Starter\AIE_Starter\NodeMap.cpp(15,28): warning C4267: 'initializing': conversion from 'size_t' to 'int', possible loss of data
C:\Users\s220780\Desktop\AI\AI-For-Games-Assessment-1\AIE_Starter\AIE_Starter\NodeMap.cpp(187,16): warning C4244: '=': conversion from 'int' to 'float', possible loss of data
C:\Users\s220780\Desktop\AI\AI-For-Games-Assessment-1\AIE_Starter\AIE_Starter\NodeMap.cpp(194,29): warning C4267: '=': conversion from 'size_t' to 'int', possible loss of data
C:\Users\s220780\Desktop\AI\AI-For-Games-Assessment-1\AIE_Starter\AIE_Starter\NodeMap.cpp(196,31): warning C4267: '=': conversion from 'size_t' to 'int', possible loss of data
C:\Users\s220780\Desktop\AI\AI-For-Games-Assessment-1\AIE_Starter\AIE_Starter\NodeMap.cpp(288,14): warning C4244: 'initializing': conversion from 'T' to 'int', possible loss of data
          with
          [
              T=float
          ]
C:\Users\s220780\Desktop\AI\AI-For-Games-Assessment-1\AIE_Starter\AIE_Starter\NodeMap.cpp(289,14): warning C4244: 'initializing': conversion from 'T' to 'int', possible loss of data
          with
          [
              T=float
          ]
C:\Users\s220780\Desktop\AI\AI-For-Games-Assessment-1\AIE_Starter\AIE_Starter\NodeMap.cpp(290,18): warning C4244: 'initializing': conversion from 'double' to 'int', possible loss of data
C:\Users\s220780\Desktop\AI\AI-For-Games-Assessment-1\AIE_Starter\AIE_Starter\NodeMap.cpp(396,23): warning C4244: '=': conversion from '__int64' to 'int', possible loss of data
C:\Users\s220780\Desktop\AI\AI-For-Games-Assessment-1\AIE_Starter\AIE_Starter\NodeMap.cpp(422,24): warning C4244: '=': conversion from '__int64' to 'int', possible loss of data
C:\Users\s220780\Desktop\AI\AI-For-Games-Assessment-1\AIE_Starter\AIE_Starter\NodeMap.cpp(424,24): warning C4244: '=': conversion from '__int64' to 'int', possible loss of data
C:\Users\s220780\Desktop\AI\AI-For-Games-Assessment-1\AIE_Starter\AIE_Starter\NodeMap.cpp(432,17): warning C4244: 'initializing': conversion from 'float' to 'int', possible loss of data
  Generating code
  4 of 369 functions ( 1.1%) were compiled, the rest were copied from previous compilation.
    0 functions were new in current compilation
    0 functions had inline decision re-evaluated but remain unchanged
  Finished generating code
  AIE_Starter.vcxproj -> C:\Users\s220780\Desktop\AI\AI-For-Games-Assessment-1\AIE_Starter\x64\Release\AIE_Starter.exe
