c:\users\s220780\desktop\ai\ai-for-games-assessment-1\aie_starter\aie_starter\x64\release\vc143.pdb
c:\users\s220780\desktop\ai\ai-for-games-assessment-1\aie_starter\aie_starter\x64\release\pathfinding.obj
c:\users\s220780\desktop\ai\ai-for-games-assessment-1\aie_starter\aie_starter\x64\release\pathagent.obj
c:\users\s220780\desktop\ai\ai-for-games-assessment-1\aie_starter\aie_starter\x64\release\nodemap.obj
c:\users\s220780\desktop\ai\ai-for-games-assessment-1\aie_starter\aie_starter\x64\release\aie_starter.obj
c:\users\s220780\desktop\ai\ai-for-games-assessment-2\aie_starter\aie_starter\x64\release\vc143.pdb
c:\users\s220780\desktop\ai\ai-for-games-assessment-2\aie_starter\aie_starter\x64\release\pathfinding.obj
c:\users\s220780\desktop\ai\ai-for-games-assessment-2\aie_starter\aie_starter\x64\release\pathagent.obj
c:\users\s220780\desktop\ai\ai-for-games-assessment-2\aie_starter\aie_starter\x64\release\nodemap.obj
c:\users\s220780\desktop\ai\ai-for-games-assessment-2\aie_starter\aie_starter\x64\release\aie_starter.obj
c:\users\s220780\desktop\ai\ai-for-games-assessment-1\aie_starter\x64\release\aie_starter.exe
c:\users\s220780\desktop\ai\ai-for-games-assessment-1\aie_starter\aie_starter\x64\release\aie_starter.ipdb
c:\users\s220780\desktop\ai\ai-for-games-assessment-1\aie_starter\x64\release\aie_starter.pdb
c:\users\s220780\desktop\ai\ai-for-games-assessment-1\aie_starter\aie_starter\x64\release\aie_starter.iobj
c:\users\s220780\desktop\ai\ai-for-games-assessment-2\aie_starter\x64\release\aie_starter.exe
c:\users\s220780\desktop\ai\ai-for-games-assessment-2\aie_starter\aie_starter\x64\release\aie_starter.ipdb
c:\users\s220780\desktop\ai\ai-for-games-assessment-2\aie_starter\x64\release\aie_starter.pdb
c:\users\s220780\desktop\ai\ai-for-games-assessment-2\aie_starter\aie_starter\x64\release\aie_starter.iobj
c:\users\s220780\desktop\ai\ai-for-games-assessment-1\aie_starter\aie_starter\x64\release\aie_starter.res
c:\users\s220780\desktop\ai\ai-for-games-assessment-2\aie_starter\aie_starter\x64\release\aie_starter.res
c:\users\s220780\desktop\ai\ai-for-games-assessment-2\aie_starter\aie_starter\x64\release\aie_starter.tlog\cl.command.1.tlog
c:\users\s220780\desktop\ai\ai-for-games-assessment-2\aie_starter\aie_starter\x64\release\aie_starter.tlog\cl.read.1.tlog
c:\users\s220780\desktop\ai\ai-for-games-assessment-2\aie_starter\aie_starter\x64\release\aie_starter.tlog\cl.write.1.tlog
c:\users\s220780\desktop\ai\ai-for-games-assessment-2\aie_starter\aie_starter\x64\release\aie_starter.tlog\link.command.1.tlog
c:\users\s220780\desktop\ai\ai-for-games-assessment-2\aie_starter\aie_starter\x64\release\aie_starter.tlog\link.read.1.tlog
c:\users\s220780\desktop\ai\ai-for-games-assessment-2\aie_starter\aie_starter\x64\release\aie_starter.tlog\link.write.1.tlog
c:\users\s220780\desktop\ai\ai-for-games-assessment-2\aie_starter\aie_starter\x64\release\aie_starter.tlog\rc.command.1.tlog
c:\users\s220780\desktop\ai\ai-for-games-assessment-2\aie_starter\aie_starter\x64\release\aie_starter.tlog\rc.read.1.tlog
c:\users\s220780\desktop\ai\ai-for-games-assessment-2\aie_starter\aie_starter\x64\release\aie_starter.tlog\rc.write.1.tlog
